<?xml version="1.0" encoding="UTF-8"?>
<testsuite name="HangManTest" tests="2" skipped="0" failures="0" errors="0" timestamp="2018-05-09T01:28:59" hostname="agnes-Latitude-E6430" time="0.004">
  <properties/>
  <testcase name="game_WillReturnUsAString" classname="HangManTest" time="0.003"/>
  <testcase name="game_WillRandomlyWords" classname="HangManTest" time="0.001"/>
  <system-out><![CDATA[]]></system-out>
  <system-err><![CDATA[]]></system-err>
</testsuite>
