<?xml version="1.0" encoding="UTF-8"?>
<testsuite name="HangManTest" tests="3" skipped="0" failures="0" errors="0" timestamp="2018-05-09T01:32:27" hostname="agnes-Latitude-E6430" time="0.006">
  <properties/>
  <testcase name="game_WillMakeWordsCharacters" classname="HangManTest" time="0.005"/>
  <testcase name="game_WillReturnUsAString" classname="HangManTest" time="0.0"/>
  <testcase name="game_WillRandomlyWords" classname="HangManTest" time="0.0"/>
  <system-out><![CDATA[]]></system-out>
  <system-err><![CDATA[]]></system-err>
</testsuite>
